<?xml version="1.0" encoding="UTF-8"?>
<beans xmlns="http://www.springframework.org/schema/beans"
	xmlns:xsi="http://www.w3.org/2001/XMLSchema-instance"
	xsi:schemaLocation="http://www.springframework.org/schema/beans http://www.springframework.org/schema/beans/spring-beans.xsd">
	<!-- HandlerMappin -->
	<bean
		class="org.springframework.web.servlet.handler.BeanNameUrlHandlerMapping"></bean>

	<!-- Controller -->
	<bean name="/index.do"
		class="org.springframework.web.servlet.mvc.ParameterizableViewController">
		<property name="viewName" value="list" />
	</bean>
	<bean name="/kbs/mbc.do"
		class="org.springframework.web.servlet.mvc.ParameterizableViewController">
		<property name="viewName" value="list2" />
	</bean>
	<!-- ViewrResolver -->
	<bean
		class="org.springframework.web.servlet.view.InternalResourceViewResolver">
		<property name="prefix" value="/" /> <!-- 현재 경로 -->
		<property name="suffix" value=".jsp" />

	</bean>
</beans>
